<?xml version="1.0" encoding="UTF-8"?>
<!-- Generated by org.testng.reporters.JUnitXMLReporter -->
<testsuite hostname="AGKRAJU" ignored="0" name="Test" tests="5" failures="0" timestamp="10 Jul 2019 07:36:56 GMT" time="0.052" errors="0">
  <testcase name="login" time="0.009" classname="com.mycompany.app.my_app.MobileApp"/>
  <testcase name="purchase" time="0.0" classname="com.mycompany.app.my_app.MobileApp"/>
  <testcase name="purchase" time="0.0" classname="com.mycompany.app.my_app.WebTest"/>
  <testcase name="login" time="0.0" classname="com.mycompany.app.my_app.APITest"/>
  <testcase name="purchase" time="0.0" classname="com.mycompany.app.my_app.APITest"/>
</testsuite> <!-- Test -->
